<?xml version="1.0" encoding="UTF-8"?>
<testsuite xmlns:xsi="http://www.w3.org/2001/XMLSchema-instance" xsi:noNamespaceSchemaLocation="https://maven.apache.org/surefire/maven-surefire-plugin/xsd/surefire-test-report-3.0.xsd" version="3.0" name="com.taemoi.project.controladores.AdminControllerTest" time="7.234" tests="2" errors="0" skipped="0" failures="0">
  <properties>
[...]
</properties>
  <testcase name="testMostrarUsuarios" classname="com.taemoi.project.controladores.AdminControllerTest" time="0.282">
    <system-out><![CDATA[10:41:22.600 [main] INFO org.springframework.test.context.support.AnnotationConfigContextLoaderUtils -- Could not detect default configuration classes for test class [com.taemoi.project.controladores.AdminControllerTest]: AdminControllerTest does not declare any static, non-private, non-final, nested classes annotated with @Configuration.
10:41:22.707 [main] INFO org.springframework.boot.test.context.SpringBootTestContextBootstrapper -- Found @SpringBootConfiguration com.taemoi.project.TaeMoiApplication for test class com.taemoi.project.controladores.AdminControllerTest

      ___           ___           ___           ___           ___                 
     /\  \         /\  \         /\  \         /\__\         /\  \          ___   
     \:\  \       /::\  \       /::\  \       /::|  |       /::\  \        /\  \  
      \:\  \     /:/\:\  \     /:/\:\  \     /:|:|  |      /:/\:\  \       \:\  \ 
      /::\  \   /::\~\:\  \   /::\~\:\  \   /:/|:|__|__   /:/  \:\  \      /::\__\
     /:/\:\__\ /:/\:\ \:\__\ /:/\:\ \:\__\ /:/ |::::\__\ /:/__/ \:\__\  __/:/\/__/
    /:/  \/__/ \/__\:\/:/  / \:\~\:\ \/__/ \/__/~~/:/  / \:\  \ /:/  / /\/:/  /   
   /:/  /           \::/  /   \:\ \:\__\         /:/  /   \:\  /:/  /  \::/__/    
   \/__/            /:/  /     \:\ \/__/        /:/  /     \:\/:/  /    \:\__\    
                   /:/  /       \:\__\         /:/  /       \::/  /      \/__/    
                   \/__/         \/__/         \/__/         \/__/                

2024-03-01 10:41:23  INFO o.h.validator.internal.util.Version      : HV000001: Hibernate Validator 8.0.1.Final
2024-03-01 10:41:23  INFO c.t.p.controladores.AdminControllerTest  : Starting AdminControllerTest using Java 17.0.8.1 with PID 29676 (started by Crolyx16 in C:\Users\croly\Documents\workspace-spring-tool-suite-4-4.20.0.RELEASE\Taemoi_Front_y_Back\TaeMoi)
2024-03-01 10:41:23  INFO c.t.p.controladores.AdminControllerTest  : The following 1 profile is active: "demo"
2024-03-01 10:41:23  INFO .s.d.r.c.RepositoryConfigurationDelegate : Bootstrapping Spring Data JPA repositories in DEFAULT mode.
2024-03-01 10:41:23  INFO .s.d.r.c.RepositoryConfigurationDelegate : Finished Spring Data repository scanning in 81 ms. Found 7 JPA repository interfaces.
2024-03-01 10:41:24  INFO o.hibernate.jpa.internal.util.LogHelper  : HHH000204: Processing PersistenceUnitInfo [name: default]
2024-03-01 10:41:24  INFO org.hibernate.Version                    : HHH000412: Hibernate ORM core version 6.4.1.Final
2024-03-01 10:41:24  INFO o.h.c.internal.RegionFactoryInitiator    : HHH000026: Second-level cache disabled
2024-03-01 10:41:24  INFO o.s.o.j.p.SpringPersistenceUnitInfo      : No LoadTimeWeaver setup: ignoring JPA class transformer
2024-03-01 10:41:25  INFO com.zaxxer.hikari.HikariDataSource       : HikariPool-1 - Starting...
2024-03-01 10:41:25  INFO com.zaxxer.hikari.pool.HikariPool        : HikariPool-1 - Added connection com.mysql.cj.jdbc.ConnectionImpl@37f41a81
2024-03-01 10:41:25  INFO com.zaxxer.hikari.HikariDataSource       : HikariPool-1 - Start completed.
2024-03-01 10:41:25  WARN org.hibernate.orm.deprecation            : HHH90000025: MySQL8Dialect does not need to be specified explicitly using 'hibernate.dialect' (remove the property setting and it will be selected by default)
2024-03-01 10:41:25  WARN org.hibernate.orm.deprecation            : HHH90000026: MySQL8Dialect has been deprecated; use org.hibernate.dialect.MySQLDialect instead
2024-03-01 10:41:26  INFO o.h.e.t.j.p.i.JtaPlatformInitiator       : HHH000489: No JTA platform available (set 'hibernate.transaction.jta.platform' to enable JTA platform integration)
2024-03-01 10:41:26  INFO j.LocalContainerEntityManagerFactoryBean : Initialized JPA EntityManagerFactory for persistence unit 'default'
2024-03-01 10:41:27  WARN JpaBaseConfiguration$JpaWebConfiguration : spring.jpa.open-in-view is enabled by default. Therefore, database queries may be performed during view rendering. Explicitly configure spring.jpa.open-in-view to disable this warning
2024-03-01 10:41:27  INFO c.t.p.controladores.AdminControllerTest  : Started AdminControllerTest in 4.837 seconds (process running for 5.868)
Hibernate: select a1_0.id,a1_0.apellidos,a1_0.categoria_id,a1_0.cuantia_tarifa,a1_0.direccion,a1_0.email,a1_0.fecha_alta,a1_0.fecha_baja,a1_0.fecha_nacimiento,a1_0.grado_id,a1_0.nif,a1_0.nombre,a1_0.numero_expediente,a1_0.telefono,a1_0.tipo_tarifa from alumno a1_0
Hibernate: select c1_0.id,c1_0.nombre,c1_0.tipo_categoria from categoria c1_0 where c1_0.id=?
Hibernate: select g1_0.id,g1_0.tipo_grado from grado g1_0 where g1_0.id=?
Hibernate: select g1_0.id,g1_0.tipo_grado from grado g1_0 where g1_0.id=?
Hibernate: select g1_0.id,g1_0.tipo_grado from grado g1_0 where g1_0.id=?
Hibernate: select g1_0.id,g1_0.tipo_grado from grado g1_0 where g1_0.id=?
Hibernate: select c1_0.id,c1_0.nombre,c1_0.tipo_categoria from categoria c1_0 where c1_0.id=?
Hibernate: select g1_0.id,g1_0.tipo_grado from grado g1_0 where g1_0.id=?
Hibernate: select g1_0.id,g1_0.tipo_grado from grado g1_0 where g1_0.id=?
Hibernate: select g1_0.id,g1_0.tipo_grado from grado g1_0 where g1_0.id=?
Hibernate: delete from alumno where id=?
Hibernate: delete from alumno where id=?
Hibernate: delete from alumno where id=?
Hibernate: delete from alumno where id=?
Hibernate: delete from alumno where id=?
Hibernate: delete from alumno where id=?
Hibernate: delete from alumno where id=?
Hibernate: delete from alumno where id=?
Hibernate: delete from alumno where id=?
Hibernate: delete from alumno where id=?
Hibernate: delete from alumno where id=?
Hibernate: delete from alumno where id=?
Hibernate: delete from alumno where id=?
Hibernate: delete from alumno where id=?
Hibernate: delete from alumno where id=?
Hibernate: delete from alumno where id=?
Hibernate: delete from alumno where id=?
Hibernate: delete from alumno where id=?
Hibernate: delete from alumno where id=?
Hibernate: delete from alumno where id=?
Hibernate: select g1_0.id,g1_0.tipo_grado from grado g1_0 where g1_0.tipo_grado=?
Hibernate: select g1_0.id,g1_0.tipo_grado from grado g1_0 where g1_0.tipo_grado=?
Hibernate: select g1_0.id,g1_0.tipo_grado from grado g1_0 where g1_0.tipo_grado=?
Hibernate: select g1_0.id,g1_0.tipo_grado from grado g1_0 where g1_0.tipo_grado=?
Hibernate: select g1_0.id,g1_0.tipo_grado from grado g1_0 where g1_0.tipo_grado=?
Hibernate: select g1_0.id,g1_0.tipo_grado from grado g1_0 where g1_0.tipo_grado=?
Hibernate: select g1_0.id,g1_0.tipo_grado from grado g1_0 where g1_0.tipo_grado=?
Hibernate: select g1_0.id,g1_0.tipo_grado from grado g1_0 where g1_0.tipo_grado=?
Hibernate: select g1_0.id,g1_0.tipo_grado from grado g1_0 where g1_0.tipo_grado=?
Hibernate: select g1_0.id,g1_0.tipo_grado from grado g1_0 where g1_0.tipo_grado=?
Hibernate: select g1_0.id,g1_0.tipo_grado from grado g1_0 where g1_0.tipo_grado=?
Hibernate: select g1_0.id,g1_0.tipo_grado from grado g1_0 where g1_0.tipo_grado=?
Hibernate: select g1_0.id,g1_0.tipo_grado from grado g1_0 where g1_0.tipo_grado=?
Hibernate: select u1_0.id,u1_0.apellidos,u1_0.contrasena,u1_0.email,u1_0.nombre from usuario u1_0 where u1_0.email=?
Hibernate: select r1_0.usuario_id,r1_0.roles from usuario_rol r1_0 where r1_0.usuario_id=?
Hibernate: select u1_0.id,u1_0.apellidos,u1_0.contrasena,u1_0.email,u1_0.nombre from usuario u1_0 where u1_0.email=?
Hibernate: select r1_0.usuario_id,r1_0.roles from usuario_rol r1_0 where r1_0.usuario_id=?
Hibernate: select c1_0.id,c1_0.nombre,c1_0.tipo_categoria from categoria c1_0 where c1_0.nombre=?
Hibernate: select c1_0.id,c1_0.nombre,c1_0.tipo_categoria from categoria c1_0 where c1_0.nombre=?
Hibernate: select c1_0.id,c1_0.nombre,c1_0.tipo_categoria from categoria c1_0 where c1_0.nombre=?
Hibernate: select c1_0.id,c1_0.nombre,c1_0.tipo_categoria from categoria c1_0 where c1_0.nombre=?
Hibernate: select c1_0.id,c1_0.nombre,c1_0.tipo_categoria from categoria c1_0 where c1_0.nombre=?
Hibernate: select c1_0.id,c1_0.nombre,c1_0.tipo_categoria from categoria c1_0 where c1_0.nombre=?
Hibernate: select c1_0.id,c1_0.nombre,c1_0.tipo_categoria from categoria c1_0 where c1_0.nombre=?
Hibernate: select c1_0.id,c1_0.nombre,c1_0.tipo_categoria from categoria c1_0 where c1_0.nombre=?
Hibernate: select g1_0.id,g1_0.tipo_grado from grado g1_0 where g1_0.tipo_grado=?
Hibernate: insert into alumno (apellidos,categoria_id,cuantia_tarifa,direccion,email,fecha_alta,fecha_baja,fecha_nacimiento,grado_id,nif,nombre,numero_expediente,telefono,tipo_tarifa) values (?,?,?,?,?,?,?,?,?,?,?,?,?,?)
Hibernate: select c1_0.id,c1_0.nombre,c1_0.tipo_categoria from categoria c1_0 where c1_0.nombre=?
Hibernate: select g1_0.id,g1_0.tipo_grado from grado g1_0 where g1_0.tipo_grado=?
Hibernate: insert into alumno (apellidos,categoria_id,cuantia_tarifa,direccion,email,fecha_alta,fecha_baja,fecha_nacimiento,grado_id,nif,nombre,numero_expediente,telefono,tipo_tarifa) values (?,?,?,?,?,?,?,?,?,?,?,?,?,?)
Hibernate: select c1_0.id,c1_0.nombre,c1_0.tipo_categoria from categoria c1_0 where c1_0.nombre=?
Hibernate: select g1_0.id,g1_0.tipo_grado from grado g1_0 where g1_0.tipo_grado=?
Hibernate: insert into alumno (apellidos,categoria_id,cuantia_tarifa,direccion,email,fecha_alta,fecha_baja,fecha_nacimiento,grado_id,nif,nombre,numero_expediente,telefono,tipo_tarifa) values (?,?,?,?,?,?,?,?,?,?,?,?,?,?)
Hibernate: select c1_0.id,c1_0.nombre,c1_0.tipo_categoria from categoria c1_0 where c1_0.nombre=?
Hibernate: select g1_0.id,g1_0.tipo_grado from grado g1_0 where g1_0.tipo_grado=?
Hibernate: insert into alumno (apellidos,categoria_id,cuantia_tarifa,direccion,email,fecha_alta,fecha_baja,fecha_nacimiento,grado_id,nif,nombre,numero_expediente,telefono,tipo_tarifa) values (?,?,?,?,?,?,?,?,?,?,?,?,?,?)
Hibernate: select c1_0.id,c1_0.nombre,c1_0.tipo_categoria from categoria c1_0 where c1_0.nombre=?
Hibernate: select g1_0.id,g1_0.tipo_grado from grado g1_0 where g1_0.tipo_grado=?
Hibernate: insert into alumno (apellidos,categoria_id,cuantia_tarifa,direccion,email,fecha_alta,fecha_baja,fecha_nacimiento,grado_id,nif,nombre,numero_expediente,telefono,tipo_tarifa) values (?,?,?,?,?,?,?,?,?,?,?,?,?,?)
Hibernate: select c1_0.id,c1_0.nombre,c1_0.tipo_categoria from categoria c1_0 where c1_0.nombre=?
Hibernate: select g1_0.id,g1_0.tipo_grado from grado g1_0 where g1_0.tipo_grado=?
Hibernate: insert into alumno (apellidos,categoria_id,cuantia_tarifa,direccion,email,fecha_alta,fecha_baja,fecha_nacimiento,grado_id,nif,nombre,numero_expediente,telefono,tipo_tarifa) values (?,?,?,?,?,?,?,?,?,?,?,?,?,?)
Hibernate: select c1_0.id,c1_0.nombre,c1_0.tipo_categoria from categoria c1_0 where c1_0.nombre=?
Hibernate: select g1_0.id,g1_0.tipo_grado from grado g1_0 where g1_0.tipo_grado=?
Hibernate: insert into alumno (apellidos,categoria_id,cuantia_tarifa,direccion,email,fecha_alta,fecha_baja,fecha_nacimiento,grado_id,nif,nombre,numero_expediente,telefono,tipo_tarifa) values (?,?,?,?,?,?,?,?,?,?,?,?,?,?)
Hibernate: select c1_0.id,c1_0.nombre,c1_0.tipo_categoria from categoria c1_0 where c1_0.nombre=?
Hibernate: select g1_0.id,g1_0.tipo_grado from grado g1_0 where g1_0.tipo_grado=?
Hibernate: insert into alumno (apellidos,categoria_id,cuantia_tarifa,direccion,email,fecha_alta,fecha_baja,fecha_nacimiento,grado_id,nif,nombre,numero_expediente,telefono,tipo_tarifa) values (?,?,?,?,?,?,?,?,?,?,?,?,?,?)
Hibernate: select c1_0.id,c1_0.nombre,c1_0.tipo_categoria from categoria c1_0 where c1_0.nombre=?
Hibernate: select g1_0.id,g1_0.tipo_grado from grado g1_0 where g1_0.tipo_grado=?
Hibernate: insert into alumno (apellidos,categoria_id,cuantia_tarifa,direccion,email,fecha_alta,fecha_baja,fecha_nacimiento,grado_id,nif,nombre,numero_expediente,telefono,tipo_tarifa) values (?,?,?,?,?,?,?,?,?,?,?,?,?,?)
Hibernate: select c1_0.id,c1_0.nombre,c1_0.tipo_categoria from categoria c1_0 where c1_0.nombre=?
Hibernate: select g1_0.id,g1_0.tipo_grado from grado g1_0 where g1_0.tipo_grado=?
Hibernate: insert into alumno (apellidos,categoria_id,cuantia_tarifa,direccion,email,fecha_alta,fecha_baja,fecha_nacimiento,grado_id,nif,nombre,numero_expediente,telefono,tipo_tarifa) values (?,?,?,?,?,?,?,?,?,?,?,?,?,?)
Hibernate: select c1_0.id,c1_0.nombre,c1_0.tipo_categoria from categoria c1_0 where c1_0.nombre=?
Hibernate: select g1_0.id,g1_0.tipo_grado from grado g1_0 where g1_0.tipo_grado=?
Hibernate: insert into alumno (apellidos,categoria_id,cuantia_tarifa,direccion,email,fecha_alta,fecha_baja,fecha_nacimiento,grado_id,nif,nombre,numero_expediente,telefono,tipo_tarifa) values (?,?,?,?,?,?,?,?,?,?,?,?,?,?)
Hibernate: select c1_0.id,c1_0.nombre,c1_0.tipo_categoria from categoria c1_0 where c1_0.nombre=?
Hibernate: select g1_0.id,g1_0.tipo_grado from grado g1_0 where g1_0.tipo_grado=?
Hibernate: insert into alumno (apellidos,categoria_id,cuantia_tarifa,direccion,email,fecha_alta,fecha_baja,fecha_nacimiento,grado_id,nif,nombre,numero_expediente,telefono,tipo_tarifa) values (?,?,?,?,?,?,?,?,?,?,?,?,?,?)
Hibernate: select c1_0.id,c1_0.nombre,c1_0.tipo_categoria from categoria c1_0 where c1_0.nombre=?
Hibernate: select g1_0.id,g1_0.tipo_grado from grado g1_0 where g1_0.tipo_grado=?
Hibernate: insert into alumno (apellidos,categoria_id,cuantia_tarifa,direccion,email,fecha_alta,fecha_baja,fecha_nacimiento,grado_id,nif,nombre,numero_expediente,telefono,tipo_tarifa) values (?,?,?,?,?,?,?,?,?,?,?,?,?,?)
Hibernate: select c1_0.id,c1_0.nombre,c1_0.tipo_categoria from categoria c1_0 where c1_0.nombre=?
Hibernate: select g1_0.id,g1_0.tipo_grado from grado g1_0 where g1_0.tipo_grado=?
Hibernate: insert into alumno (apellidos,categoria_id,cuantia_tarifa,direccion,email,fecha_alta,fecha_baja,fecha_nacimiento,grado_id,nif,nombre,numero_expediente,telefono,tipo_tarifa) values (?,?,?,?,?,?,?,?,?,?,?,?,?,?)
Hibernate: select c1_0.id,c1_0.nombre,c1_0.tipo_categoria from categoria c1_0 where c1_0.nombre=?
Hibernate: select g1_0.id,g1_0.tipo_grado from grado g1_0 where g1_0.tipo_grado=?
Hibernate: insert into alumno (apellidos,categoria_id,cuantia_tarifa,direccion,email,fecha_alta,fecha_baja,fecha_nacimiento,grado_id,nif,nombre,numero_expediente,telefono,tipo_tarifa) values (?,?,?,?,?,?,?,?,?,?,?,?,?,?)
Hibernate: select c1_0.id,c1_0.nombre,c1_0.tipo_categoria from categoria c1_0 where c1_0.nombre=?
Hibernate: select g1_0.id,g1_0.tipo_grado from grado g1_0 where g1_0.tipo_grado=?
Hibernate: insert into alumno (apellidos,categoria_id,cuantia_tarifa,direccion,email,fecha_alta,fecha_baja,fecha_nacimiento,grado_id,nif,nombre,numero_expediente,telefono,tipo_tarifa) values (?,?,?,?,?,?,?,?,?,?,?,?,?,?)
Hibernate: select c1_0.id,c1_0.nombre,c1_0.tipo_categoria from categoria c1_0 where c1_0.nombre=?
Hibernate: select g1_0.id,g1_0.tipo_grado from grado g1_0 where g1_0.tipo_grado=?
Hibernate: insert into alumno (apellidos,categoria_id,cuantia_tarifa,direccion,email,fecha_alta,fecha_baja,fecha_nacimiento,grado_id,nif,nombre,numero_expediente,telefono,tipo_tarifa) values (?,?,?,?,?,?,?,?,?,?,?,?,?,?)
Hibernate: select c1_0.id,c1_0.nombre,c1_0.tipo_categoria from categoria c1_0 where c1_0.nombre=?
Hibernate: select g1_0.id,g1_0.tipo_grado from grado g1_0 where g1_0.tipo_grado=?
Hibernate: insert into alumno (apellidos,categoria_id,cuantia_tarifa,direccion,email,fecha_alta,fecha_baja,fecha_nacimiento,grado_id,nif,nombre,numero_expediente,telefono,tipo_tarifa) values (?,?,?,?,?,?,?,?,?,?,?,?,?,?)
Hibernate: select c1_0.id,c1_0.nombre,c1_0.tipo_categoria from categoria c1_0 where c1_0.nombre=?
Hibernate: select g1_0.id,g1_0.tipo_grado from grado g1_0 where g1_0.tipo_grado=?
Hibernate: insert into alumno (apellidos,categoria_id,cuantia_tarifa,direccion,email,fecha_alta,fecha_baja,fecha_nacimiento,grado_id,nif,nombre,numero_expediente,telefono,tipo_tarifa) values (?,?,?,?,?,?,?,?,?,?,?,?,?,?)
Hibernate: select c1_0.id,c1_0.nombre,c1_0.tipo_categoria from categoria c1_0 where c1_0.nombre=?
Hibernate: select g1_0.id,g1_0.tipo_grado from grado g1_0 where g1_0.tipo_grado=?
Hibernate: insert into alumno (apellidos,categoria_id,cuantia_tarifa,direccion,email,fecha_alta,fecha_baja,fecha_nacimiento,grado_id,nif,nombre,numero_expediente,telefono,tipo_tarifa) values (?,?,?,?,?,?,?,?,?,?,?,?,?,?)
2024-03-01 10:41:29  INFO c.t.p.controladores.AdminController      : ## AuthorizationAdminController :: showUsers
]]></system-out>
  </testcase>
  <testcase name="testMostrarUsuariosListaVacia" classname="com.taemoi.project.controladores.AdminControllerTest" time="0.006">
    <system-out><![CDATA[2024-03-01 10:41:29  INFO c.t.p.controladores.AdminController      : ## AuthorizationAdminController :: showUsers
]]></system-out>
  </testcase>
</testsuite>